  stdafx.cpp
  asio.cpp
  Generating code
  All 1278 functions were compiled because no usable IPDB/IOBJ from previous compilation was found.
  Finished generating code
  asio.vcxproj -> C:\Users\alex.liang\Documents\GitHub\Asio_1\asio\x64\Release\asio_server.exe
  asio.vcxproj -> C:\Users\alex.liang\Documents\GitHub\Asio_1\asio\x64\Release\asio_server.pdb (Full PDB)
c:\users\alex.liang\documents\github\asio_1\asio\boost\boost\winapi\get_last_error.hpp(20): warning C28251: Inconsistent annotation for 'GetLastError': this instance has no annotations. See c:\program files (x86)\windows kits\8.1\include\um\errhandlingapi.h(118). 
c:\users\alex.liang\documents\github\asio_1\asio\boost\boost\winapi\error_handling.hpp(25): warning C28251: Inconsistent annotation for 'FormatMessageA': this instance has no annotations. See c:\program files (x86)\windows kits\8.1\include\um\winbase.h(2329). 
c:\users\alex.liang\documents\github\asio_1\asio\boost\boost\winapi\error_handling.hpp(36): warning C28251: Inconsistent annotation for 'FormatMessageW': this instance has no annotations. See c:\program files (x86)\windows kits\8.1\include\um\winbase.h(2342). 
c:\users\alex.liang\documents\github\asio_1\asio\boost\boost\winapi\error_handling.hpp(47): warning C28251: Inconsistent annotation for 'SetErrorMode': this instance has no annotations. See c:\program files (x86)\windows kits\8.1\include\um\errhandlingapi.h(156). 
c:\users\alex.liang\documents\github\asio_1\asio\boost\boost\winapi\character_code_conversion.hpp(21): warning C28251: Inconsistent annotation for 'MultiByteToWideChar': this instance has no annotations. See c:\program files (x86)\windows kits\8.1\include\um\stringapiset.h(154). 
c:\users\alex.liang\documents\github\asio_1\asio\boost\boost\winapi\character_code_conversion.hpp(30): warning C28251: Inconsistent annotation for 'WideCharToMultiByte': this instance has no annotations. See c:\program files (x86)\windows kits\8.1\include\um\stringapiset.h(169). 
c:\users\alex.liang\documents\github\asio_1\asio\boost\boost\winapi\local_memory.hpp(27): warning C28251: Inconsistent annotation for 'LocalAlloc': this instance has no annotations. See c:\program files (x86)\windows kits\8.1\include\um\winbase.h(1039). 
c:\users\alex.liang\documents\github\asio_1\asio\boost\boost\winapi\local_memory.hpp(32): warning C28251: Inconsistent annotation for 'LocalReAlloc': this instance has no annotations. See c:\program files (x86)\windows kits\8.1\include\um\winbase.h(1048). 
c:\users\alex.liang\documents\github\asio_1\asio\boost\boost\winapi\local_memory.hpp(37): warning C28251: Inconsistent annotation for 'LocalFree': this instance has no annotations. See c:\program files (x86)\windows kits\8.1\include\um\winbase.h(1096). 
c:\users\alex.liang\documents\github\asio_1\asio\boost\boost\system\detail\system_category_win32.hpp(52): warning C6031: Return value ignored: 'snprintf'.
c:\users\alex.liang\documents\github\asio_1\asio\boost\boost\asio\detail\impl\win_event.ipp(57): warning C6387: 'this->events_[0]' could be '0':  this does not adhere to the specification for the function 'CloseHandle'. 
c:\users\alex.liang\documents\github\asio_1\asio\boost\boost\asio\detail\impl\win_thread.ipp(50): warning C6258: Using TerminateThread does not allow proper thread clean up.
c:\users\alex.liang\documents\github\asio_1\asio\boost\boost\asio\detail\impl\win_thread.ipp(90): warning C6001: Using uninitialized memory 'arg'.
c:\users\alex.liang\documents\github\asio_1\asio\boost\boost\asio\detail\impl\timer_queue_set.ipp(53): warning C6011: Dereferencing NULL pointer 'q'. 
c:\users\alex.liang\documents\github\asio_1\asio\boost\boost\asio\detail\impl\win_iocp_io_context.ipp(550): warning C6387: 'waitable_timer_.handle' could be '0':  this does not adhere to the specification for the function 'SetWaitableTimer'. 
c:\users\alex.liang\documents\github\asio_1\asio\boost\boost\asio\detail\impl\socket_ops.ipp(2092): warning C6255: _alloca indicates failure by raising a stack overflow exception.  Consider using _malloca instead.
c:\users\alex.liang\documents\github\asio_1\asio\boost\boost\asio\detail\impl\socket_ops.ipp(2301): warning C6255: _alloca indicates failure by raising a stack overflow exception.  Consider using _malloca instead.
c:\users\alex.liang\documents\github\asio_1\asio\boost\boost\asio\detail\impl\win_iocp_socket_service_base.ipp(249): warning C6387: 'Temp_value_#7808' could be '0':  this does not adhere to the specification for the function 'GetProcAddress'. 
c:\users\alex.liang\documents\github\asio_1\asio\boost\boost\winapi\time.hpp(25): warning C28251: Inconsistent annotation for 'GetSystemTime': this instance has no annotations. See c:\program files (x86)\windows kits\8.1\include\um\sysinfoapi.h(145). 
c:\users\alex.liang\documents\github\asio_1\asio\boost\boost\winapi\time.hpp(29): warning C28251: Inconsistent annotation for 'GetSystemTimeAsFileTime': this instance has no annotations. See c:\program files (x86)\windows kits\8.1\include\um\sysinfoapi.h(153). 
c:\users\alex.liang\documents\github\asio_1\asio\boost\boost\winapi\time.hpp(33): warning C28251: Inconsistent annotation for 'SystemTimeToFileTime': this instance has no annotations. See c:\program files (x86)\windows kits\8.1\include\um\timezoneapi.h(105). 
c:\users\alex.liang\documents\github\asio_1\asio\boost\boost\winapi\time.hpp(38): warning C28251: Inconsistent annotation for 'FileTimeToSystemTime': this instance has no annotations. See c:\program files (x86)\windows kits\8.1\include\um\timezoneapi.h(95). 
c:\users\alex.liang\documents\github\asio_1\asio\boost\boost\winapi\time.hpp(45): warning C28251: Inconsistent annotation for 'FileTimeToLocalFileTime': this instance has no annotations. See c:\program files (x86)\windows kits\8.1\include\um\fileapi.h(214). 
c:\users\alex.liang\documents\github\asio_1\asio\boost\boost\winapi\time.hpp(50): warning C28251: Inconsistent annotation for 'LocalFileTimeToFileTime': this instance has no annotations. See c:\program files (x86)\windows kits\8.1\include\um\fileapi.h(862). 
c:\users\alex.liang\documents\github\asio_1\asio\boost\boost\winapi\time.hpp(58): warning C28251: Inconsistent annotation for 'GetTickCount': this instance has no annotations. See c:\program files (x86)\windows kits\8.1\include\um\sysinfoapi.h(203). 
c:\users\alex.liang\documents\github\asio_1\asio\boost\boost\asio\detail\impl\win_iocp_handle_service.ipp(241): warning C6387: 'Temp_value_#8367' could be '0':  this does not adhere to the specification for the function 'GetProcAddress'. 
c:\users\alex.liang\documents\github\asio_1\asio\boost\boost\asio\detail\impl\win_object_handle_service.ipp(106): warning C6031: Return value ignored: 'UnregisterWaitEx'.
c:\users\alex.liang\documents\github\asio_1\asio\boost\boost\asio\detail\impl\win_object_handle_service.ipp(158): warning C6031: Return value ignored: 'UnregisterWaitEx'.
c:\users\alex.liang\documents\github\asio_1\asio\boost\boost\asio\detail\impl\win_object_handle_service.ipp(201): warning C6031: Return value ignored: 'UnregisterWaitEx'.
c:\users\alex.liang\documents\github\asio_1\asio\boost\boost\asio\detail\impl\win_object_handle_service.ipp(253): warning C6031: Return value ignored: 'UnregisterWaitEx'.
c:\users\alex.liang\documents\github\asio_1\asio\boost\boost\asio\detail\impl\win_object_handle_service.ipp(305): warning C6031: Return value ignored: 'UnregisterWaitEx'.
c:\users\alex.liang\documents\github\asio_1\asio\boost\boost\asio\detail\impl\win_object_handle_service.ipp(405): warning C6031: Return value ignored: 'UnregisterWaitEx'.
c:\users\alex.liang\documents\github\asio_1\asio\boost\boost\winapi\semaphore.hpp(25): warning C28251: Inconsistent annotation for 'CreateSemaphoreA': this instance has no annotations. See c:\program files (x86)\windows kits\8.1\include\um\winbase.h(3002). 
c:\users\alex.liang\documents\github\asio_1\asio\boost\boost\winapi\semaphore.hpp(33): warning C28251: Inconsistent annotation for 'CreateSemaphoreExA': this instance has no annotations. See c:\program files (x86)\windows kits\8.1\include\um\winbase.h(3082). 
c:\users\alex.liang\documents\github\asio_1\asio\boost\boost\winapi\semaphore.hpp(45): warning C28251: Inconsistent annotation for 'CreateSemaphoreW': this instance has no annotations. See c:\program files (x86)\windows kits\8.1\include\um\winbase.h(3012). 
c:\users\alex.liang\documents\github\asio_1\asio\boost\boost\winapi\semaphore.hpp(53): warning C28251: Inconsistent annotation for 'CreateSemaphoreExW': this instance has no annotations. See c:\program files (x86)\windows kits\8.1\include\um\synchapi.h(809). 
c:\users\alex.liang\documents\github\asio_1\asio\boost\boost\winapi\semaphore.hpp(63): warning C28251: Inconsistent annotation for 'ReleaseSemaphore': this instance has no annotations. See c:\program files (x86)\windows kits\8.1\include\um\synchapi.h(448). 
c:\users\alex.liang\documents\github\asio_1\asio\boost\boost\winapi\semaphore.hpp(74): warning C28251: Inconsistent annotation for 'OpenSemaphoreA': this instance has no annotations. See c:\program files (x86)\windows kits\8.1\include\um\winbase.h(3028). 
c:\users\alex.liang\documents\github\asio_1\asio\boost\boost\winapi\semaphore.hpp(81): warning C28251: Inconsistent annotation for 'OpenSemaphoreW': this instance has no annotations. See c:\program files (x86)\windows kits\8.1\include\um\synchapi.h(651). 
c:\users\alex.liang\documents\github\asio_1\asio\boost\boost\winapi\semaphore.hpp(127): warning C6388: 'dwFlags' might not be '0':  this does not adhere to the specification for the function 'CreateSemaphoreExA'. 
c:\users\alex.liang\documents\github\asio_1\asio\boost\boost\winapi\semaphore.hpp(140): warning C6388: 'dwFlags' might not be '0':  this does not adhere to the specification for the function 'CreateSemaphoreExW'. 
c:\users\alex.liang\documents\github\asio_1\asio\boost\boost\winapi\system.hpp(31): warning C28251: Inconsistent annotation for 'GetSystemInfo': this instance has no annotations. See c:\program files (x86)\windows kits\8.1\include\um\sysinfoapi.h(184). 
c:\users\alex.liang\documents\github\asio_1\asio\boost\boost\winapi\system.hpp(37): warning C28251: Inconsistent annotation for 'GetNativeSystemInfo': this instance has no annotations. See c:\program files (x86)\windows kits\8.1\include\um\sysinfoapi.h(495). 
c:\users\alex.liang\documents\github\asio_1\asio\boost\boost\winapi\event.hpp(22): warning C28251: Inconsistent annotation for 'CreateEventA': this instance has no annotations. See c:\program files (x86)\windows kits\8.1\include\um\synchapi.h(590). 
c:\users\alex.liang\documents\github\asio_1\asio\boost\boost\winapi\event.hpp(30): warning C28251: Inconsistent annotation for 'CreateEventW': this instance has no annotations. See c:\program files (x86)\windows kits\8.1\include\um\synchapi.h(601). 
c:\users\alex.liang\documents\github\asio_1\asio\boost\boost\winapi\event.hpp(43): warning C28251: Inconsistent annotation for 'CreateEventExA': this instance has no annotations. See c:\program files (x86)\windows kits\8.1\include\um\synchapi.h(781). 
c:\users\alex.liang\documents\github\asio_1\asio\boost\boost\winapi\event.hpp(51): warning C28251: Inconsistent annotation for 'OpenEventA': this instance has no annotations. See c:\program files (x86)\windows kits\8.1\include\um\synchapi.h(625). 
c:\users\alex.liang\documents\github\asio_1\asio\boost\boost\winapi\event.hpp(59): warning C28251: Inconsistent annotation for 'CreateEventExW': this instance has no annotations. See c:\program files (x86)\windows kits\8.1\include\um\synchapi.h(792). 
c:\users\alex.liang\documents\github\asio_1\asio\boost\boost\winapi\event.hpp(67): warning C28251: Inconsistent annotation for 'OpenEventW': this instance has no annotations. See c:\program files (x86)\windows kits\8.1\include\um\synchapi.h(635). 
c:\users\alex.liang\documents\github\asio_1\asio\boost\boost\winapi\event.hpp(75): warning C28251: Inconsistent annotation for 'SetEvent': this instance has no annotations. See c:\program files (x86)\windows kits\8.1\include\um\synchapi.h(432). 
c:\users\alex.liang\documents\github\asio_1\asio\boost\boost\winapi\event.hpp(78): warning C28251: Inconsistent annotation for 'ResetEvent': this instance has no annotations. See c:\program files (x86)\windows kits\8.1\include\um\synchapi.h(440). 
c:\users\alex.liang\documents\github\asio_1\asio\boost\boost\winapi\thread.hpp(25): warning C28251: Inconsistent annotation for 'SleepEx': this instance has no annotations. See c:\program files (x86)\windows kits\8.1\include\um\synchapi.h(489). 
c:\users\alex.liang\documents\github\asio_1\asio\boost\boost\winapi\thread.hpp(28): warning C28251: Inconsistent annotation for 'Sleep': this instance has no annotations. See c:\program files (x86)\windows kits\8.1\include\um\synchapi.h(908). 
c:\users\alex.liang\documents\github\asio_1\asio\boost\boost\winapi\wait.hpp(24): warning C28251: Inconsistent annotation for 'WaitForSingleObjectEx': this instance has no annotations. See c:\program files (x86)\windows kits\8.1\include\um\synchapi.h(498). 
c:\users\alex.liang\documents\github\asio_1\asio\boost\boost\winapi\wait.hpp(33): warning C28251: Inconsistent annotation for 'SignalObjectAndWait': this instance has no annotations. See c:\program files (x86)\windows kits\8.1\include\um\synchapi.h(949). Note: There are several prototypes for this function. This warning compares the first with instance number 3. 
c:\users\alex.liang\documents\github\asio_1\asio\boost\boost\winapi\wait.hpp(43): warning C28251: Inconsistent annotation for 'WaitForSingleObject': this instance has no annotations. See c:\program files (x86)\windows kits\8.1\include\um\synchapi.h(473). 
c:\users\alex.liang\documents\github\asio_1\asio\boost\boost\winapi\wait.hpp(48): warning C28251: Inconsistent annotation for 'WaitForMultipleObjects': this instance has no annotations. See c:\program files (x86)\windows kits\8.1\include\um\winbase.h(1892). 
c:\users\alex.liang\documents\github\asio_1\asio\boost\boost\winapi\wait.hpp(55): warning C28251: Inconsistent annotation for 'WaitForMultipleObjectsEx': this instance has no annotations. See c:\program files (x86)\windows kits\8.1\include\um\synchapi.h(508). 
c:\users\alex.liang\documents\github\asio_1\asio\boost\boost\winapi\handles.hpp(21): warning C28251: Inconsistent annotation for 'CloseHandle': this instance has no annotations. See c:\program files (x86)\windows kits\8.1\include\um\handleapi.h(50). 
c:\users\alex.liang\documents\github\asio_1\asio\boost\boost\winapi\handles.hpp(24): warning C28251: Inconsistent annotation for 'DuplicateHandle': this instance has no annotations. See c:\program files (x86)\windows kits\8.1\include\um\handleapi.h(58). 
c:\users\alex.liang\documents\github\asio_1\asio\boost\boost\winapi\heap_memory.hpp(24): warning C28251: Inconsistent annotation for 'GetProcessHeaps': this instance has no annotations. See c:\program files (x86)\windows kits\8.1\include\um\heapapi.h(204). 
c:\users\alex.liang\documents\github\asio_1\asio\boost\boost\winapi\heap_memory.hpp(31): warning C28251: Inconsistent annotation for 'HeapAlloc': this instance has no annotations. See c:\program files (x86)\windows kits\8.1\include\um\heapapi.h(97). 
c:\users\alex.liang\documents\github\asio_1\asio\boost\boost\winapi\heap_memory.hpp(37): warning C28251: Inconsistent annotation for 'HeapFree': this instance has no annotations. See c:\program files (x86)\windows kits\8.1\include\um\heapapi.h(122). 
c:\users\alex.liang\documents\github\asio_1\asio\boost\boost\winapi\heap_memory.hpp(43): warning C28251: Inconsistent annotation for 'HeapReAlloc': this instance has no annotations. See c:\program files (x86)\windows kits\8.1\include\um\heapapi.h(110). 
c:\users\alex.liang\documents\github\asio_1\asio\boost\boost\winapi\heap_memory.hpp(51): warning C28251: Inconsistent annotation for 'HeapCreate': this instance has no annotations. See c:\program files (x86)\windows kits\8.1\include\um\heapapi.h(70). 
c:\users\alex.liang\documents\github\asio_1\asio\boost\boost\winapi\heap_memory.hpp(57): warning C28251: Inconsistent annotation for 'HeapDestroy': this instance has no annotations. See c:\program files (x86)\windows kits\8.1\include\um\heapapi.h(80). 
c:\users\alex.liang\documents\github\asio_1\asio\boost\boost\winapi\timers.hpp(21): warning C28251: Inconsistent annotation for 'QueryPerformanceCounter': this instance has no annotations. See c:\program files (x86)\windows kits\8.1\include\um\profileapi.h(42). 
c:\users\alex.liang\documents\github\asio_1\asio\boost\boost\winapi\timers.hpp(24): warning C28251: Inconsistent annotation for 'QueryPerformanceFrequency': this instance has no annotations. See c:\program files (x86)\windows kits\8.1\include\um\profileapi.h(50). 
c:\users\alex.liang\documents\github\asio_1\asio\boost\boost\asio\impl\executor.hpp(216): warning C6011: Dereferencing NULL pointer 'e'. 
