c:\users\alex.liang\documents\github\asio_1\asio\asio\x64\release\asio_server.pch
c:\users\alex.liang\documents\github\asio_1\asio\asio\x64\release\vc140.pdb
c:\users\alex.liang\documents\github\asio_1\asio\asio\x64\release\asio_server.pchast
c:\users\alex.liang\documents\github\asio_1\asio\asio\x64\release\stdafx.nativecodeanalysis.xml
c:\users\alex.liang\documents\github\asio_1\asio\asio\x64\release\stdafx.obj
c:\users\alex.liang\documents\github\asio_1\asio\asio\x64\release\asio.nativecodeanalysis.xml
c:\users\alex.liang\documents\github\asio_1\asio\asio\x64\release\asio.obj
c:\users\alex.liang\documents\github\asio_1\asio\x64\release\asio_server.exe
c:\users\alex.liang\documents\github\asio_1\asio\x64\release\asio_server.ipdb
c:\users\alex.liang\documents\github\asio_1\asio\x64\release\asio_server.iobj
c:\users\alex.liang\documents\github\asio_1\asio\x64\release\asio_server.pdb
c:\users\alex.liang\documents\github\asio_1\asio\asio\x64\release\nativecodeanalysis.read.1.tlog
c:\users\alex.liang\documents\github\asio_1\asio\asio\x64\release\vc.nativecodeanalysis.all.xml
c:\users\alex.liang\documents\github\asio_1\asio\x64\release\asio_server.exe.lastcodeanalysissucceeded
c:\users\alex.liang\documents\github\asio_1\asio\asio\x64\release\asio_server.tlog\cl.command.1.tlog
c:\users\alex.liang\documents\github\asio_1\asio\asio\x64\release\asio_server.tlog\cl.read.1.tlog
c:\users\alex.liang\documents\github\asio_1\asio\asio\x64\release\asio_server.tlog\cl.write.1.tlog
c:\users\alex.liang\documents\github\asio_1\asio\asio\x64\release\asio_server.tlog\link.command.1.tlog
c:\users\alex.liang\documents\github\asio_1\asio\asio\x64\release\asio_server.tlog\link.read.1.tlog
c:\users\alex.liang\documents\github\asio_1\asio\asio\x64\release\asio_server.tlog\link.write.1.tlog
